c:\users\sgs439\downloads\osggraphics\osghelloworld\debug\osghelloworld.obj
c:\users\sgs439\downloads\osggraphics\osghelloworld\debug\vc110.pdb
c:\users\sgs439\downloads\osggraphics\openscenegraph-vs2012\bin\osghelloworld.ilk
c:\users\sgs439\downloads\osggraphics\openscenegraph-vs2012\bin\osghelloworld.exe
c:\users\sgs439\downloads\osggraphics\openscenegraph-vs2012\bin\osghelloworld.pdb
\\mac\home\documents\visual studio 2015\libraries\osggraphics\osghelloworld\debug\vc140.pdb
\\mac\home\documents\visual studio 2015\libraries\osggraphics\osghelloworld\debug\vc140.idb
\\mac\home\documents\visual studio 2015\libraries\osggraphics\osghelloworld\debug\osghelloworld.obj
\\mac\home\documents\visual studio 2015\libraries\osggraphics\openscenegraph-vs2015\bin\osghelloworld.pdb
\\mac\home\documents\visual studio 2015\libraries\osggraphics\osghelloworld\debug\cl.command.1.tlog
\\mac\home\documents\visual studio 2015\libraries\osggraphics\osghelloworld\debug\cl.read.1.tlog
\\mac\home\documents\visual studio 2015\libraries\osggraphics\osghelloworld\debug\cl.write.1.tlog
\\mac\home\documents\visual studio 2015\libraries\osggraphics\osghelloworld\debug\link-cvtres.read.1.tlog
\\mac\home\documents\visual studio 2015\libraries\osggraphics\osghelloworld\debug\link-cvtres.write.1.tlog
\\mac\home\documents\visual studio 2015\libraries\osggraphics\osghelloworld\debug\link-rc.read.1.tlog
\\mac\home\documents\visual studio 2015\libraries\osggraphics\osghelloworld\debug\link-rc.write.1.tlog
\\mac\home\documents\visual studio 2015\libraries\osggraphics\osghelloworld\debug\link.5136-cvtres.read.1.tlog
\\mac\home\documents\visual studio 2015\libraries\osggraphics\osghelloworld\debug\link.5136-cvtres.write.1.tlog
\\mac\home\documents\visual studio 2015\libraries\osggraphics\osghelloworld\debug\link.5136-rc.read.1.tlog
\\mac\home\documents\visual studio 2015\libraries\osggraphics\osghelloworld\debug\link.5136-rc.write.1.tlog
\\mac\home\documents\visual studio 2015\libraries\osggraphics\osghelloworld\debug\link.5136.read.1.tlog
\\mac\home\documents\visual studio 2015\libraries\osggraphics\osghelloworld\debug\link.5136.write.1.tlog
\\mac\home\documents\visual studio 2015\libraries\osggraphics\osghelloworld\debug\link.command.1.tlog
\\mac\home\documents\visual studio 2015\libraries\osggraphics\osghelloworld\debug\link.read.1.tlog
\\mac\home\documents\visual studio 2015\libraries\osggraphics\osghelloworld\debug\link.write.1.tlog
\\mac\home\documents\visual studio 2015\libraries\osggraphics\osghelloworld\debug\vc110.idb
\\mac\home\documents\visual studio 2015\libraries\osggraphics\osghelloworld\debug\vc110.pdb
\\mac\home\documents\visual studio 2015\libraries\osggraphics\osghelloworld\..\openscenegraph-vs2015\bin\osghelloworld.exe
\\mac\home\documents\visual studio 2015\libraries\osggraphics\osghelloworld\debug\osghelloworld.tlog\cl.command.1.tlog
\\mac\home\documents\visual studio 2015\libraries\osggraphics\osghelloworld\debug\osghelloworld.tlog\cl.read.1.tlog
\\mac\home\documents\visual studio 2015\libraries\osggraphics\osghelloworld\debug\osghelloworld.tlog\cl.write.1.tlog
\\mac\home\documents\visual studio 2015\libraries\osggraphics\osghelloworld\debug\osghelloworld.tlog\link.command.1.tlog
\\mac\home\documents\visual studio 2015\libraries\osggraphics\osghelloworld\debug\osghelloworld.tlog\link.read.1.tlog
\\mac\home\documents\visual studio 2015\libraries\osggraphics\osghelloworld\debug\osghelloworld.tlog\link.write.1.tlog
