C:\MSCVISSIM\RAAROBOTBUILDER\DEBUG\RAAROBOTCONTROLLER.EXE
C:\MSCVISSIM\RAAROBOTBUILDER\DEBUG\RAAROBOTCONTROLLER.ILK
C:\MSCVISSIM\RAAROBOTBUILDER\DEBUG\RAAROBOTCONTROLLER.PDB
C:\MscVisSim\raaRobotController\Debug\cl.command.1.tlog
C:\MscVisSim\raaRobotController\Debug\CL.read.1.tlog
C:\MscVisSim\raaRobotController\Debug\CL.write.1.tlog
C:\MscVisSim\raaRobotController\Debug\link.command.1.tlog
C:\MscVisSim\raaRobotController\Debug\link.read.1.tlog
C:\MscVisSim\raaRobotController\Debug\link.write.1.tlog
C:\MscVisSim\raaRobotController\Debug\link-cvtres.read.1.tlog
C:\MscVisSim\raaRobotController\Debug\link-cvtres.write.1.tlog
C:\MscVisSim\raaRobotController\Debug\mt.command.1.tlog
C:\MscVisSim\raaRobotController\Debug\mt.read.1.tlog
C:\MscVisSim\raaRobotController\Debug\mt.write.1.tlog
C:\MscVisSim\raaRobotController\Debug\raaRobotController.exe.embed.manifest
C:\MSCVISSIM\RAAROBOTCONTROLLER\DEBUG\RAAROBOTCONTROLLER.EXE.EMBED.MANIFEST.RES
C:\MSCVISSIM\RAAROBOTCONTROLLER\DEBUG\RAAROBOTCONTROLLER.EXE.INTERMEDIATE.MANIFEST
C:\MSCVISSIM\RAAROBOTCONTROLLER\DEBUG\RAAROBOTCONTROLLER.OBJ
C:\MSCVISSIM\RAAROBOTCONTROLLER\DEBUG\RAAROBOTCONTROLLER.PCH
C:\MscVisSim\raaRobotController\Debug\raaRobotController_manifest.rc
C:\MscVisSim\raaRobotController\Debug\rc.command.1.tlog
C:\MscVisSim\raaRobotController\Debug\rc.read.1.tlog
C:\MscVisSim\raaRobotController\Debug\rc.write.1.tlog
C:\MSCVISSIM\RAAROBOTCONTROLLER\DEBUG\STDAFX.OBJ
C:\MscVisSim\raaRobotController\Debug\vc100.idb
C:\MSCVISSIM\RAAROBOTCONTROLLER\DEBUG\VC100.PDB
C:\MscVisSim\raaRobotController\Debug\vc90.idb
C:\MscVisSim\raaRobotController\Debug\vc90.pdb
